# JRE version: Java(TM) SE Runtime Environment (17.0.5+9) (build 17.0.5+9-LTS-191)
# Java VM: Java HotSpot(TM) 64-Bit Server VM (17.0.5+9-LTS-191, mixed mode, sharing, tiered, compressed oops, compressed class ptrs, g1 gc, windows-amd64)
GC Precious Log:
 CPUs: 4 total, 4 available
 Memory: 6075M
 Large Page Support: Disabled
 NUMA Support: Disabled
 Compressed Oops: Enabled (32-bit)
 Heap Region Size: 1M
 Heap Min Capacity: 8M
 Heap Initial Capacity: 96M
 Heap Max Capacity: 1520M
 Pre-touch: Disabled
 Parallel Workers: 4
 Concurrent Workers: 1
 Concurrent Refinement Workers: 4
 Periodic GC: Disabled
Heap:
 garbage-first heap   total 55296K, used 22445K [0x00000000a1000000, 0x0000000100000000)
  region size 1024K, 11 young (11264K), 4 survivors (4096K)
 Metaspace       used 26858K, committed 27072K, reserved 1073152K
  class space    used 3487K, committed 3584K, reserved 1048576K
GC Heap History (12 events):
Event: 1.138 GC heap before
{Heap before GC invocations=0 (full 0):
 garbage-first heap   total 98304K, used 14336K [0x00000000a1000000, 0x0000000100000000)
  region size 1024K, 13 young (13312K), 0 survivors (0K)
 Metaspace       used 2396K, committed 2496K, reserved 1056768K
  class space    used 212K, committed 256K, reserved 1048576K
}
Event: 1.152 GC heap after
{Heap after GC invocations=1 (full 0):
 garbage-first heap   total 98304K, used 7714K [0x00000000a1000000, 0x0000000100000000)
  region size 1024K, 2 young (2048K), 2 survivors (2048K)
 Metaspace       used 2396K, committed 2496K, reserved 1056768K
  class space    used 212K, committed 256K, reserved 1048576K
}
Event: 1.969 GC heap before
{Heap before GC invocations=1 (full 0):
 garbage-first heap   total 98304K, used 17954K [0x00000000a1000000, 0x0000000100000000)
  region size 1024K, 12 young (12288K), 2 survivors (2048K)
 Metaspace       used 4634K, committed 4800K, reserved 1056768K
  class space    used 491K, committed 576K, reserved 1048576K
}
Event: 1.974 GC heap after
{Heap after GC invocations=2 (full 0):
 garbage-first heap   total 98304K, used 9716K [0x00000000a1000000, 0x0000000100000000)
  region size 1024K, 1 young (1024K), 1 survivors (1024K)
 Metaspace       used 4634K, committed 4800K, reserved 1056768K
  class space    used 491K, committed 576K, reserved 1048576K
}
Event: 3.788 GC heap before
{Heap before GC invocations=2 (full 0):
 garbage-first heap   total 98304K, used 32244K [0x00000000a1000000, 0x0000000100000000)
  region size 1024K, 23 young (23552K), 1 survivors (1024K)
 Metaspace       used 9290K, committed 9472K, reserved 1064960K
  class space    used 1126K, committed 1216K, reserved 1048576K
}
Event: 3.794 GC heap after
{Heap after GC invocations=3 (full 0):
 garbage-first heap   total 98304K, used 10174K [0x00000000a1000000, 0x0000000100000000)
  region size 1024K, 3 young (3072K), 3 survivors (3072K)
 Metaspace       used 9290K, committed 9472K, reserved 1064960K
  class space    used 1126K, committed 1216K, reserved 1048576K
}
Event: 5.999 GC heap before
{Heap before GC invocations=3 (full 0):
 garbage-first heap   total 98304K, used 65470K [0x00000000a1000000, 0x0000000100000000)
  region size 1024K, 57 young (58368K), 3 survivors (3072K)
 Metaspace       used 19055K, committed 19328K, reserved 1073152K
  class space    used 2291K, committed 2432K, reserved 1048576K
}
Event: 6.008 GC heap after
{Heap after GC invocations=4 (full 0):
 garbage-first heap   total 98304K, used 13512K [0x00000000a1000000, 0x0000000100000000)
  region size 1024K, 6 young (6144K), 6 survivors (6144K)
 Metaspace       used 19055K, committed 19328K, reserved 1073152K
  class space    used 2291K, committed 2432K, reserved 1048576K
}
Event: 6.714 GC heap before
{Heap before GC invocations=4 (full 0):
 garbage-first heap   total 98304K, used 27848K [0x00000000a1000000, 0x0000000100000000)
  region size 1024K, 21 young (21504K), 6 survivors (6144K)
 Metaspace       used 21224K, committed 21504K, reserved 1073152K
  class space    used 2596K, committed 2752K, reserved 1048576K
}
Event: 6.721 GC heap after
{Heap after GC invocations=5 (full 0):
 garbage-first heap   total 98304K, used 14311K [0x00000000a1000000, 0x0000000100000000)
  region size 1024K, 5 young (5120K), 5 survivors (5120K)
 Metaspace       used 21224K, committed 21504K, reserved 1073152K
  class space    used 2596K, committed 2752K, reserved 1048576K
}
Event: 9.151 GC heap before
{Heap before GC invocations=6 (full 0):
 garbage-first heap   total 55296K, used 41959K [0x00000000a1000000, 0x0000000100000000)
  region size 1024K, 32 young (32768K), 5 survivors (5120K)
 Metaspace       used 25713K, committed 26048K, reserved 1073152K
  class space    used 3307K, committed 3456K, reserved 1048576K
}
Event: 9.164 GC heap after
{Heap after GC invocations=7 (full 0):
 garbage-first heap   total 55296K, used 16301K [0x00000000a1000000, 0x0000000100000000)
  region size 1024K, 4 young (4096K), 4 survivors (4096K)
 Metaspace       used 25713K, committed 26048K, reserved 1073152K
  class space    used 3307K, committed 3456K, reserved 1048576K
}

