# JRE version: Java(TM) SE Runtime Environment (17.0.5+9) (build 17.0.5+9-LTS-191)
# Java VM: Java HotSpot(TM) 64-Bit Server VM (17.0.5+9-LTS-191, mixed mode, sharing, tiered, compressed oops, compressed class ptrs, g1 gc, windows-amd64)
GC Precious Log:
 CPUs: 4 total, 4 available
 Memory: 6075M
 Large Page Support: Disabled
 NUMA Support: Disabled
 Compressed Oops: Enabled (32-bit)
 Heap Region Size: 1M
 Heap Min Capacity: 8M
 Heap Initial Capacity: 96M
 Heap Max Capacity: 1520M
 Pre-touch: Disabled
 Parallel Workers: 4
 Concurrent Workers: 1
 Concurrent Refinement Workers: 4
 Periodic GC: Disabled
Heap:
 garbage-first heap   total 64512K, used 40937K [0x00000000a1000000, 0x0000000100000000)
  region size 1024K, 17 young (17408K), 3 survivors (3072K)
 Metaspace       used 53921K, committed 54208K, reserved 1097728K
  class space    used 7366K, committed 7488K, reserved 1048576K
GC Heap History (20 events):
Event: 9.079 GC heap before
{Heap before GC invocations=7 (full 0):
 garbage-first heap   total 48128K, used 34369K [0x00000000a1000000, 0x0000000100000000)
  region size 1024K, 21 young (21504K), 3 survivors (3072K)
 Metaspace       used 29026K, committed 29248K, reserved 1081344K
  class space    used 3749K, committed 3840K, reserved 1048576K
}
Event: 9.085 GC heap after
{Heap after GC invocations=8 (full 0):
 garbage-first heap   total 48128K, used 18066K [0x00000000a1000000, 0x0000000100000000)
  region size 1024K, 3 young (3072K), 3 survivors (3072K)
 Metaspace       used 29026K, committed 29248K, reserved 1081344K
  class space    used 3749K, committed 3840K, reserved 1048576K
}
Event: 9.310 GC heap before
{Heap before GC invocations=8 (full 0):
 garbage-first heap   total 48128K, used 39570K [0x00000000a1000000, 0x0000000100000000)
  region size 1024K, 19 young (19456K), 3 survivors (3072K)
 Metaspace       used 30569K, committed 30912K, reserved 1081344K
  class space    used 3907K, committed 4096K, reserved 1048576K
}
Event: 9.318 GC heap after
{Heap after GC invocations=9 (full 0):
 garbage-first heap   total 48128K, used 25494K [0x00000000a1000000, 0x0000000100000000)
  region size 1024K, 3 young (3072K), 3 survivors (3072K)
 Metaspace       used 30569K, committed 30912K, reserved 1081344K
  class space    used 3907K, committed 4096K, reserved 1048576K
}
Event: 9.345 GC heap before
{Heap before GC invocations=9 (full 0):
 garbage-first heap   total 48128K, used 27542K [0x00000000a1000000, 0x0000000100000000)
  region size 1024K, 6 young (6144K), 3 survivors (3072K)
 Metaspace       used 30573K, committed 30912K, reserved 1081344K
  class space    used 3907K, committed 4096K, reserved 1048576K
}
Event: 9.348 GC heap after
{Heap after GC invocations=10 (full 0):
 garbage-first heap   total 48128K, used 25986K [0x00000000a1000000, 0x0000000100000000)
  region size 1024K, 1 young (1024K), 1 survivors (1024K)
 Metaspace       used 30573K, committed 30912K, reserved 1081344K
  class space    used 3907K, committed 4096K, reserved 1048576K
}
Event: 9.594 GC heap before
{Heap before GC invocations=11 (full 0):
 garbage-first heap   total 53248K, used 37250K [0x00000000a1000000, 0x0000000100000000)
  region size 1024K, 11 young (11264K), 1 survivors (1024K)
 Metaspace       used 31048K, committed 31360K, reserved 1081344K
  class space    used 3957K, committed 4096K, reserved 1048576K
}
Event: 9.597 GC heap after
{Heap after GC invocations=12 (full 0):
 garbage-first heap   total 53248K, used 27180K [0x00000000a1000000, 0x0000000100000000)
  region size 1024K, 1 young (1024K), 1 survivors (1024K)
 Metaspace       used 31048K, committed 31360K, reserved 1081344K
  class space    used 3957K, committed 4096K, reserved 1048576K
}
Event: 9.626 GC heap before
{Heap before GC invocations=12 (full 0):
 garbage-first heap   total 53248K, used 29228K [0x00000000a1000000, 0x0000000100000000)
  region size 1024K, 5 young (5120K), 1 survivors (1024K)
 Metaspace       used 31074K, committed 31424K, reserved 1081344K
  class space    used 3958K, committed 4096K, reserved 1048576K
}
Event: 9.628 GC heap after
{Heap after GC invocations=13 (full 0):
 garbage-first heap   total 53248K, used 27775K [0x00000000a1000000, 0x0000000100000000)
  region size 1024K, 2 young (2048K), 2 survivors (2048K)
 Metaspace       used 31074K, committed 31424K, reserved 1081344K
  class space    used 3958K, committed 4096K, reserved 1048576K
}
Event: 9.734 GC heap before
{Heap before GC invocations=14 (full 0):
 garbage-first heap   total 53248K, used 30847K [0x00000000a1000000, 0x0000000100000000)
  region size 1024K, 9 young (9216K), 2 survivors (2048K)
 Metaspace       used 31236K, committed 31488K, reserved 1081344K
  class space    used 3974K, committed 4096K, reserved 1048576K
}
Event: 9.737 GC heap after
{Heap after GC invocations=15 (full 0):
 garbage-first heap   total 64512K, used 23756K [0x00000000a1000000, 0x0000000100000000)
  region size 1024K, 1 young (1024K), 1 survivors (1024K)
 Metaspace       used 31236K, committed 31488K, reserved 1081344K
  class space    used 3974K, committed 4096K, reserved 1048576K
}
Event: 10.737 GC heap before
{Heap before GC invocations=15 (full 0):
 garbage-first heap   total 64512K, used 49356K [0x00000000a1000000, 0x0000000100000000)
  region size 1024K, 25 young (25600K), 1 survivors (1024K)
 Metaspace       used 37073K, committed 37376K, reserved 1089536K
  class space    used 4682K, committed 4800K, reserved 1048576K
}
Event: 10.742 GC heap after
{Heap after GC invocations=16 (full 0):
 garbage-first heap   total 64512K, used 24964K [0x00000000a1000000, 0x0000000100000000)
  region size 1024K, 2 young (2048K), 2 survivors (2048K)
 Metaspace       used 37073K, committed 37376K, reserved 1089536K
  class space    used 4682K, committed 4800K, reserved 1048576K
}
Event: 11.966 GC heap before
{Heap before GC invocations=16 (full 0):
 garbage-first heap   total 64512K, used 48516K [0x00000000a1000000, 0x0000000100000000)
  region size 1024K, 26 young (26624K), 2 survivors (2048K)
 Metaspace       used 43810K, committed 44160K, reserved 1089536K
  class space    used 5825K, committed 6016K, reserved 1048576K
}
Event: 11.971 GC heap after
{Heap after GC invocations=17 (full 0):
 garbage-first heap   total 64512K, used 26333K [0x00000000a1000000, 0x0000000100000000)
  region size 1024K, 4 young (4096K), 4 survivors (4096K)
 Metaspace       used 43810K, committed 44160K, reserved 1089536K
  class space    used 5825K, committed 6016K, reserved 1048576K
}
Event: 12.884 GC heap before
{Heap before GC invocations=17 (full 0):
 garbage-first heap   total 64512K, used 49885K [0x00000000a1000000, 0x0000000100000000)
  region size 1024K, 27 young (27648K), 4 survivors (4096K)
 Metaspace       used 49911K, committed 50176K, reserved 1097728K
  class space    used 6783K, committed 6912K, reserved 1048576K
}
Event: 12.889 GC heap after
{Heap after GC invocations=18 (full 0):
 garbage-first heap   total 64512K, used 27743K [0x00000000a1000000, 0x0000000100000000)
  region size 1024K, 3 young (3072K), 3 survivors (3072K)
 Metaspace       used 49911K, committed 50176K, reserved 1097728K
  class space    used 6783K, committed 6912K, reserved 1048576K
}
Event: 13.796 GC heap before
{Heap before GC invocations=18 (full 0):
 garbage-first heap   total 64512K, used 39007K [0x00000000a1000000, 0x0000000100000000)
  region size 1024K, 15 young (15360K), 3 survivors (3072K)
 Metaspace       used 52090K, committed 52416K, reserved 1097728K
  class space    used 7046K, committed 7232K, reserved 1048576K
}
Event: 13.801 GC heap after
{Heap after GC invocations=19 (full 0):
 garbage-first heap   total 64512K, used 28649K [0x00000000a1000000, 0x0000000100000000)
  region size 1024K, 3 young (3072K), 3 survivors (3072K)
 Metaspace       used 52090K, committed 52416K, reserved 1097728K
  class space    used 7046K, committed 7232K, reserved 1048576K
}

